Welcome to Xilinx CORE Generator.
Help system initialized.
The IP Catalog has been reloaded.
Opening project file
/home/santi-xub/workspace.ISE/instruc_fetch/ipcore_dir/coregen.cgp.
Recustomize and Generate (Under Current Project Settings)INFO:sim:172 - Generating IP...
Applying current project options...
Finished applying current project options.
WARNING:sim - A core named 'instruc_mem' already exists in the project. Output
   products for this core may be overwritten.
Resolving generics for 'instruc_mem'...
WARNING:sim - A core named 'instruc_mem' already exists in the project. Output
   products for this core may be overwritten.
Applying external generics to 'instruc_mem'...
Delivering associated files for 'instruc_mem'...
Delivering EJava files for 'instruc_mem'...
Generating implementation netlist for 'instruc_mem'...
INFO:sim - Pre-processing HDL files for 'instruc_mem'...
Running synthesis for 'instruc_mem'
Running ngcbuild...
Writing VEO instantiation template for 'instruc_mem'...
Writing Verilog behavioral simulation model for 'instruc_mem'...
WARNING:sim - Overwriting existing file
   /home/santi-xub/workspace.ISE/instruc_fetch/ipcore_dir/tmp/_cg/instruc_mem/do
   c/blk_mem_gen_v7_3_vinfo.html with file from view xilinx_documentation
Delivered 1 file into directory
/home/santi-xub/workspace.ISE/instruc_fetch/ipcore_dir/tmp/_cg/instruc_mem
Generating ASY schematic symbol...
INFO:sim:949 - Finished generation of ASY schematic symbol.
Generating metadata file...
Regenerating ISE project file for 'instruc_mem'...
Generating ISE project...
XCO file found: instruc_mem.xco
XMDF file found: instruc_mem_xmdf.tcl
Adding
/home/santi-xub/workspace.ISE/instruc_fetch/ipcore_dir/tmp/_cg/instruc_mem.asy
-view all -origin_type imported
Adding
/home/santi-xub/workspace.ISE/instruc_fetch/ipcore_dir/tmp/_cg/instruc_mem.ngc
-view all -origin_type created
WARNING: es_AR:es is not supported as a language.  Using usenglish.
Checking file
"/home/santi-xub/workspace.ISE/instruc_fetch/ipcore_dir/tmp/_cg/instruc_mem.ngc"
for project device match ...
File
"/home/santi-xub/workspace.ISE/instruc_fetch/ipcore_dir/tmp/_cg/instruc_mem.ngc"
device information matches project device.
Adding
/home/santi-xub/workspace.ISE/instruc_fetch/ipcore_dir/tmp/_cg/instruc_mem.v
-view all -origin_type created
INFO:HDLCompiler:1845 - Analyzing Verilog file
   "/home/santi-xub/workspace.ISE/instruc_fetch/ipcore_dir/tmp/_cg/instruc_mem.v
   " into library work
INFO:ProjectMgmt - Parsing design hierarchy completed successfully.
Adding
/home/santi-xub/workspace.ISE/instruc_fetch/ipcore_dir/tmp/_cg/instruc_mem.veo
-view all -origin_type imported
INFO:TclTasksC:2116 - The automatic calculation of top has been turned-off.
   Please set the new top explicitly by running the "project set top" command.
   To re-calculate the new top automatically, set the "Auto Implementation Top"
   property to true.
Top level has been set to "/instruc_mem"
Generating README file...
Generating FLIST file...
INFO:sim:948 - Finished FLIST file generation.
Launching README viewer...
Moving files to output directory...
Finished moving files to output directory
Saved CGP file for project 'coregen'.
Closed project file.
